"FlipFlop", "RandomizedHillClimbing(restarts=0,numPlateauChecks=5)", 2077.7, 13.5, 44.4
"FlipFlop", "RandomizedHillClimbing(restarts=5,numPlateauChecks=5)", 1457.7, 50.7, 54.2
"FlipFlop", "RandomizedHillClimbing(restarts=10,numPlateauChecks=5)", 397.5, 87.4, 60.9
"FlipFlop", "RandomizedHillClimbing(restarts=25,numPlateauChecks=5)", 2859.9, 158.6, 61.5
"FlipFlop", "RandomizedHillClimbing(restarts=50,numPlateauChecks=5)", 4776.6, 289.6, 64.5
"FlipFlop", "RandomizedHillClimbing(restarts=100,numPlateauChecks=5)", 3754.6, 540.3, 64.8
"FlipFlop", "RandomizedHillClimbing(restarts=500,numPlateauChecks=5)", 5971.5, 2542.3, 65.4
"FixedSubset", "RandomizedHillClimbing(restarts=0,numPlateauChecks=5)", 13337.4, 12.8, 23.2
"FixedSubset", "RandomizedHillClimbing(restarts=5,numPlateauChecks=5)", 11709.1, 61.1, 31.2
"FixedSubset", "RandomizedHillClimbing(restarts=10,numPlateauChecks=5)", 13220.3, 88.7, 34.7
"FixedSubset", "RandomizedHillClimbing(restarts=25,numPlateauChecks=5)", 24457.5, 184.4, 38.7
"FixedSubset", "RandomizedHillClimbing(restarts=50,numPlateauChecks=5)", 35547.4, 307.8, 37.9
"FixedSubset", "RandomizedHillClimbing(restarts=100,numPlateauChecks=5)", 49901.7, 549.4, 37.4
"FixedSubset", "RandomizedHillClimbing(restarts=500,numPlateauChecks=5)", 164445.0, 2556.6, 38.8
"CountOnes", "RandomizedHillClimbing(restarts=0,numPlateauChecks=5)", 679.5, 28.1, 48.2
"CountOnes", "RandomizedHillClimbing(restarts=5,numPlateauChecks=5)", 105.3, 89.3, 66.2
"CountOnes", "RandomizedHillClimbing(restarts=10,numPlateauChecks=5)", 658.5, 128.8, 72.6
"CountOnes", "RandomizedHillClimbing(restarts=25,numPlateauChecks=5)", 176.0, 221.2, 77.7
"CountOnes", "RandomizedHillClimbing(restarts=50,numPlateauChecks=5)", 942.0, 347.4, 79.3
"CountOnes", "RandomizedHillClimbing(restarts=100,numPlateauChecks=5)", 1812.3, 605.0, 80.0
"CountOnes", "RandomizedHillClimbing(restarts=500,numPlateauChecks=5)", 2561.9, 2605.8, 80.0
"FlipFlop", "SimulatedAnnealing(t0=5.000000e+02,n=10,numRestarts=10)", 16.2, 12.0, 38.3
"FlipFlop", "SimulatedAnnealing(t0=5.000000e+02,n=25,numRestarts=10)", 27.4, 27.0, 40.3
"FlipFlop", "SimulatedAnnealing(t0=5.000000e+02,n=50,numRestarts=10)", 1250.4, 52.0, 40.1
"FlipFlop", "SimulatedAnnealing(t0=5.000000e+02,n=100,numRestarts=10)", 98.6, 102.0, 41.6
"FlipFlop", "SimulatedAnnealing(t0=5.000000e+02,n=500,numRestarts=10)", 2734.8, 502.0, 42.1
"FixedSubset", "SimulatedAnnealing(t0=5.000000e+02,n=10,numRestarts=10)", 843.6, 12.0, 18.7
"FixedSubset", "SimulatedAnnealing(t0=5.000000e+02,n=25,numRestarts=10)", 1795.7, 27.0, 20.8
"FixedSubset", "SimulatedAnnealing(t0=5.000000e+02,n=50,numRestarts=10)", 2929.8, 52.0, 18.8
"FixedSubset", "SimulatedAnnealing(t0=5.000000e+02,n=100,numRestarts=10)", 7610.3, 102.0, 19.3
"FixedSubset", "SimulatedAnnealing(t0=5.000000e+02,n=500,numRestarts=10)", 34338.7, 502.0, 19.6
"CountOnes", "SimulatedAnnealing(t0=5.000000e+02,n=10,numRestarts=10)", 1093.7, 12.0, 39.3
"CountOnes", "SimulatedAnnealing(t0=5.000000e+02,n=25,numRestarts=10)", 21.9, 27.0, 36.8
"CountOnes", "SimulatedAnnealing(t0=5.000000e+02,n=50,numRestarts=10)", 41.0, 52.0, 42.0
"CountOnes", "SimulatedAnnealing(t0=5.000000e+02,n=100,numRestarts=10)", 78.2, 102.0, 37.9
"CountOnes", "SimulatedAnnealing(t0=5.000000e+02,n=500,numRestarts=10)", 352.1, 502.0, 40.2
"FlipFlop", "GeneticAlgorithm(N=100,toMate=50,toMutate=10,iterations=10)", 8305.8, 602.0, 52.3
"FlipFlop", "GeneticAlgorithm(N=100,toMate=50,toMutate=10,iterations=25)", 6860.8, 1352.0, 55.3
"FlipFlop", "GeneticAlgorithm(N=100,toMate=50,toMutate=10,iterations=50)", 8096.3, 2602.0, 58.0
"FlipFlop", "GeneticAlgorithm(N=100,toMate=50,toMutate=10,iterations=100)", 13161.9, 5102.0, 61.2
"FlipFlop", "GeneticAlgorithm(N=100,toMate=50,toMutate=10,iterations=500)", 63123.0, 25102.0, 67.1
"FixedSubset", "GeneticAlgorithm(N=100,toMate=50,toMutate=10,iterations=10)", 36344.2, 602.0, 29.4
"FixedSubset", "GeneticAlgorithm(N=100,toMate=50,toMutate=10,iterations=25)", 86512.9, 1352.0, 32.1
"FixedSubset", "GeneticAlgorithm(N=100,toMate=50,toMutate=10,iterations=50)", 169632.0, 2602.0, 34.3
"FixedSubset", "GeneticAlgorithm(N=100,toMate=50,toMutate=10,iterations=100)", 334818.0, 5102.0, 34.4
"FixedSubset", "GeneticAlgorithm(N=100,toMate=50,toMutate=10,iterations=500)", 1725402.4, 25102.0, 40.5
"CountOnes", "GeneticAlgorithm(N=100,toMate=50,toMutate=10,iterations=10)", 2596.7, 602.0, 54.3
"CountOnes", "GeneticAlgorithm(N=100,toMate=50,toMutate=10,iterations=25)", 6503.6, 1352.0, 56.4
"CountOnes", "GeneticAlgorithm(N=100,toMate=50,toMutate=10,iterations=50)", 11804.3, 2602.0, 59.5
"CountOnes", "GeneticAlgorithm(N=100,toMate=50,toMutate=10,iterations=100)", 20640.1, 5102.0, 62.5
"CountOnes", "GeneticAlgorithm(N=100,toMate=50,toMutate=10,iterations=500)", 70048.9, 25102.0, 70.5
"FlipFlop", "MIMIC(N=100,toKeep=50,iterations=10)", 308479.6, 1101.0, 58.0
"FlipFlop", "MIMIC(N=100,toKeep=50,iterations=25)", 505293.8, 2601.0, 65.3
"FlipFlop", "MIMIC(N=100,toKeep=50,iterations=50)", 898576.8, 5101.0, 66.1
"FlipFlop", "MIMIC(N=100,toKeep=50,iterations=100)", 1703677.0, 10101.0, 66.7
"FlipFlop", "MIMIC(N=100,toKeep=50,iterations=500)", 1.16597733E7, 50101.0, 66.2
"FixedSubset", "MIMIC(N=100,toKeep=50,iterations=10)", 416599.3, 1101.0, 40.7
"FixedSubset", "MIMIC(N=100,toKeep=50,iterations=25)", 982411.1, 2601.0, 41.5
"FixedSubset", "MIMIC(N=100,toKeep=50,iterations=50)", 1952312.9, 5101.0, 38.6
"FixedSubset", "MIMIC(N=100,toKeep=50,iterations=100)", 3748699.7, 10101.0, 43.5
"FixedSubset", "MIMIC(N=100,toKeep=50,iterations=500)", 1.31252004E7, 50101.0, 38.7
"CountOnes", "MIMIC(N=100,toKeep=50,iterations=10)", 418698.9, 1101.0, 70.7
"CountOnes", "MIMIC(N=100,toKeep=50,iterations=25)", 816098.1, 2601.0, 77.7
"CountOnes", "MIMIC(N=100,toKeep=50,iterations=50)", 1384423.3, 5101.0, 76.8
"CountOnes", "MIMIC(N=100,toKeep=50,iterations=100)", 2113198.6, 10101.0, 77.2
"CountOnes", "MIMIC(N=100,toKeep=50,iterations=500)", 9781996.2, 50101.0, 77.2
